[2025-05-09T12:48:18.455Z] Applied +44827s offset so first op starts in 5 s
[2025-05-09T12:48:18.456Z] [3] waiting 5s until 2025-05-09T12:48:23.000Z
[2025-05-09T12:54:28.156Z] Applied +45197s offset so first op starts in 5 s
[2025-05-09T12:54:28.157Z] [3] waiting 5s until 2025-05-09T12:54:33.000Z
[2025-05-09T13:55:29.627Z] Applied +48858s offset so first op starts in 5 s
[2025-05-09T13:55:29.628Z] [3] waiting 5s until 2025-05-09T13:55:34.000Z
[2025-05-09T13:56:37.617Z] Applied +48926s offset so first op starts in 5 s
[2025-05-09T13:56:37.618Z] [3] waiting 5s until 2025-05-09T13:56:42.000Z
[2025-05-09T13:56:57.173Z] [3] lazy-deployed contract -> 0x9D95F138a27a8b65936EB5600319C4F6BBC1585d
[2025-05-09T13:57:07.281Z] [3] share/update
[2025-05-10T08:44:38.655Z] Applied +116607s offset so first op starts in 5 s
[2025-05-10T08:44:38.917Z] Starting at block 21487296
[2025-05-10T08:44:38.917Z] [3] waiting 5s until 2025-05-10T08:44:43.000Z
[2025-05-10T08:44:59.290Z] [3] share/update
[2025-05-10T08:45:16.181Z] [6] lazy-deployed contract -> 0xc2e8107680E6e9AE46c9066A94b1194317f2BEEB
[2025-05-10T08:45:25.881Z] [6] share/update
[2025-05-10T08:45:35.162Z] [6] share/update
[2025-05-10T08:45:48.341Z] [6] share/update
[2025-05-10T08:46:02.888Z] [8] lazy-deployed contract -> 0x7e69D87e944f2d1A02928d056a70De57B03d8424
[2025-05-10T08:46:13.514Z] [8] share/update
[2025-05-10T08:46:25.581Z] [8] share/update
[2025-05-10T08:46:35.016Z] [8] share/update
[2025-05-10T08:46:45.936Z] [3] share/update
[2025-05-10T09:11:48.750Z] Applied +118237s offset so first op starts in 5 s
[2025-05-10T09:11:48.960Z] Starting at block 21488056
[2025-05-10T09:11:48.960Z] [3] waiting 5s until 2025-05-10T09:11:53.000Z
[2025-05-10T09:12:09.203Z] [3] share/update
[2025-05-10T09:12:23.032Z] [6] lazy-deployed contract -> 0xC54324caaC2262E3739Fc6728Ed3681aA5b8a140
[2025-05-10T09:12:33.632Z] [6] share/update
[2025-05-10T09:12:49.338Z] [6] share/update
[2025-05-10T09:12:59.523Z] [6] share/update
[2025-05-10T09:13:13.178Z] [8] lazy-deployed contract -> 0xB58000a4fe8CC846c388119aDa9F307Cd6DA6d4D
[2025-05-10T09:13:22.967Z] [8] share/update
[2025-05-10T09:13:33.491Z] [8] share/update
[2025-05-10T09:13:43.460Z] [8] share/update
[2025-05-10T09:13:55.353Z] [3] share/update
[2025-05-10T09:14:05.295Z] [8] share/update
[2025-05-10T09:14:15.117Z] [6] share/update
[2025-05-10T09:14:30.784Z] [6] share/update
[2025-05-10T09:14:41.228Z] [3] share/update
[2025-05-10T09:14:41.228Z] [6] already has contract; skip deploy
[2025-05-10T09:14:51.160Z] [8] share/update
[2025-05-10T09:15:06.862Z] [8] share/update
[2025-05-10T09:15:17.489Z] [3] share/update
[2025-05-10T09:15:27.579Z] [3] share/update
[2025-05-10T09:15:37.415Z] [8] share/update
[2025-05-10T09:15:47.595Z] [3] share/update
[2025-05-10T09:15:47.595Z] [8] already has contract; skip deploy
[2025-05-10T09:15:57.534Z] [8] share/update
[2025-05-10T09:16:13.106Z] [6] share/update
[2025-05-10T09:16:27.042Z] [6] share/update
[2025-05-10T09:16:41.063Z] [3] share/update
[2025-05-10T09:16:55.104Z] [3] share/update
[2025-05-10T09:17:05.106Z] [6] share/update
[2025-05-10T09:17:05.106Z] [3] already has contract; skip deploy
[2025-05-10T09:17:20.761Z] [9] lazy-deployed contract -> 0xD744CD756029Be80eb24A273828f6A5F7634C2b8
[2025-05-10T09:17:35.347Z] [9] share/update
[2025-05-10T09:17:48.863Z] [9] share/update
[2025-05-10T09:18:03.427Z] [7] lazy-deployed contract -> 0xE5Aeb066Bc4575D7d42D3e7B5bC6fa3f3d59827d
[2025-05-10T09:18:17.029Z] [7] share/update
[2025-05-10T09:18:27.643Z] [7] share/update
[2025-05-10T09:18:37.681Z] [9] share/update
[2025-05-10T09:18:46.950Z] [7] share/update
[2025-05-10T09:19:03.200Z] [7] share/update
[2025-05-10T09:19:03.200Z] [9] already has contract; skip deploy
[2025-05-10T09:19:13.413Z] [7] share/update
[2025-05-10T09:19:23.401Z] [9] share/update
[2025-05-10T09:19:39.080Z] [4] lazy-deployed contract -> 0x4fba135B3Df5f50A9B51a91191df93fa1D8E6335
[2025-05-10T09:19:53.083Z] [4] share/update
[2025-05-10T09:19:53.083Z] [7] already has contract; skip deploy
[2025-05-10T09:20:06.890Z] [0] lazy-deployed contract -> 0x13AfB0B2BB5B30cd866aBB1DeC70A0F80014D90A
[2025-05-10T09:20:17.341Z] [0] share/update
[2025-05-10T09:20:27.471Z] [4] share/update
[2025-05-10T09:20:41.028Z] [4] share/update
[2025-05-10T09:20:55.327Z] [2] lazy-deployed contract -> 0x015166de34c574c17FF0f869FF3E9D9aFC9fe9B5
[2025-05-10T09:21:05.463Z] [2] share/update
[2025-05-10T09:21:20.765Z] [7] share/update
[2025-05-10T09:21:35.476Z] [5] lazy-deployed contract -> 0x1E2F70884FaACc1E7A588B62B56fD00663c6d577
[2025-05-10T09:21:48.912Z] [5] share/update
[2025-05-10T09:22:03.277Z] [9] share/update
[2025-05-10T09:22:13.282Z] [5] share/update
[2025-05-10T09:22:28.856Z] [9] share/update
[2025-05-10T09:22:42.910Z] [1] deploy -> 0x2f644C1c5815E7B72143Fa0999f033826BF8F575
[2025-05-10T09:22:56.901Z] [4] share/update
[2025-05-10T09:23:07.606Z] [4] share/update
[2025-05-10T09:23:21.007Z] [9] share/update
[2025-05-10T09:23:37.455Z] [5] share/update
[2025-05-10T09:23:47.847Z] [2] share/update
[2025-05-10T09:24:03.623Z] [2] share/update
